android/app/build/intermediates/manifest_merge_blame_file/debug/processDebugMainManifest/manifest-merger-blame-debug-report.txt
1<?xml version="1.0" encoding="utf-8"?>
2<manifest xmlns:android="http://schemas.android.com/apk/res/android"
3    package="com.laundrypro.app"
4    android:versionCode="1"
5    android:versionName="1.0" >
6
7    <uses-sdk
8        android:minSdkVersion="23"
9        android:targetSdkVersion="35" />
10
11    <!-- Permissions -->
12
13    <uses-permission android:name="android.permission.INTERNET" />
13-->src/main/AndroidManifest.xml:54:5-67
13-->src/main/AndroidManifest.xml:54:22-64
14    <uses-permission android:name="android.permission.BLUETOOTH" />
14-->src/main/AndroidManifest.xml:55:5-68
14-->src/main/AndroidManifest.xml:55:22-65
15    <uses-permission android:name="android.permission.BLUETOOTH_ADMIN" />
15-->src/main/AndroidManifest.xml:56:5-74
15-->src/main/AndroidManifest.xml:56:22-71
16    <uses-permission android:name="android.permission.ACCESS_FINE_LOCATION" />
16-->src/main/AndroidManifest.xml:57:5-79
16-->src/main/AndroidManifest.xml:57:22-76
17    <uses-permission android:name="android.permission.BLUETOOTH_SCAN" />
17-->src/main/AndroidManifest.xml:58:5-73
17-->src/main/AndroidManifest.xml:58:22-70
18    <uses-permission android:name="android.permission.BLUETOOTH_CONNECT" />
18-->src/main/AndroidManifest.xml:59:5-76
18-->src/main/AndroidManifest.xml:59:22-73
19    <uses-permission android:name="android.permission.BLUETOOTH_ADVERTISE" />
19-->src/main/AndroidManifest.xml:60:5-78
19-->src/main/AndroidManifest.xml:60:22-75
20    <uses-permission android:name="android.permission.ACCESS_COARSE_LOCATION" />
20-->src/main/AndroidManifest.xml:61:5-81
20-->src/main/AndroidManifest.xml:61:22-78
21    <!-- Storage permissions for all Android versions -->
22    <uses-permission android:name="android.permission.WRITE_EXTERNAL_STORAGE" />
22-->src/main/AndroidManifest.xml:63:5-81
22-->src/main/AndroidManifest.xml:63:22-78
23    <uses-permission
23-->src/main/AndroidManifest.xml:64:5-107
24        android:name="android.permission.READ_EXTERNAL_STORAGE"
24-->src/main/AndroidManifest.xml:64:22-77
25        android:maxSdkVersion="32" />
25-->src/main/AndroidManifest.xml:64:78-104
26
27    <!-- For Android 11+ (API 30+) -->
28    <uses-permission android:name="android.permission.MANAGE_EXTERNAL_STORAGE" />
28-->src/main/AndroidManifest.xml:67:5-111
28-->src/main/AndroidManifest.xml:67:22-79
29
30    <!-- For Android 13+ (API 33+) -->
31    <uses-permission android:name="android.permission.READ_MEDIA_IMAGES" />
31-->src/main/AndroidManifest.xml:70:5-76
31-->src/main/AndroidManifest.xml:70:22-73
32    <uses-permission android:name="android.permission.READ_MEDIA_VIDEO" />
32-->src/main/AndroidManifest.xml:71:5-75
32-->src/main/AndroidManifest.xml:71:22-72
33    <uses-permission android:name="android.permission.READ_MEDIA_AUDIO" />
33-->src/main/AndroidManifest.xml:72:5-75
33-->src/main/AndroidManifest.xml:72:22-72
34
35    <queries>
35-->[:capacitor-browser] AndroidManifest.xml:7:5-11:15
36        <intent>
36-->[:capacitor-browser] AndroidManifest.xml:8:9-10:18
37            <action android:name="android.support.customtabs.action.CustomTabsService" />
37-->[:capacitor-browser] AndroidManifest.xml:9:13-90
37-->[:capacitor-browser] AndroidManifest.xml:9:21-87
38        </intent>
39    </queries>
40
41    <uses-permission android:name="android.permission.RECEIVE_BOOT_COMPLETED" />
41-->[:capacitor-local-notifications] AndroidManifest.xml:7:5-81
41-->[:capacitor-local-notifications] AndroidManifest.xml:7:22-78
42    <uses-permission android:name="android.permission.WAKE_LOCK" />
42-->[:capacitor-local-notifications] AndroidManifest.xml:8:5-68
42-->[:capacitor-local-notifications] AndroidManifest.xml:8:22-65
43    <uses-permission android:name="android.permission.POST_NOTIFICATIONS" />
43-->[:capacitor-local-notifications] AndroidManifest.xml:9:5-77
43-->[:capacitor-local-notifications] AndroidManifest.xml:9:22-74
44    <uses-permission android:name="android.permission.ACCESS_NETWORK_STATE" /> <!-- Required by older versions of Google Play services to create IID tokens -->
44-->[com.google.firebase:firebase-messaging:24.1.0] AndroidManifest.xml:22:5-79
44-->[com.google.firebase:firebase-messaging:24.1.0] AndroidManifest.xml:22:22-76
45    <uses-permission android:name="com.google.android.c2dm.permission.RECEIVE" />
45-->[com.google.firebase:firebase-messaging:24.1.0] AndroidManifest.xml:26:5-82
45-->[com.google.firebase:firebase-messaging:24.1.0] AndroidManifest.xml:26:22-79
46
47    <permission
47-->[androidx.core:core:1.15.0] AndroidManifest.xml:22:5-24:47
48        android:name="com.laundrypro.app.DYNAMIC_RECEIVER_NOT_EXPORTED_PERMISSION"
48-->[androidx.core:core:1.15.0] AndroidManifest.xml:23:9-81
49        android:protectionLevel="signature" />
49-->[androidx.core:core:1.15.0] AndroidManifest.xml:24:9-44
50
51    <uses-permission android:name="com.laundrypro.app.DYNAMIC_RECEIVER_NOT_EXPORTED_PERMISSION" />
51-->[androidx.core:core:1.15.0] AndroidManifest.xml:26:5-97
51-->[androidx.core:core:1.15.0] AndroidManifest.xml:26:22-94
52
53    <application
53-->src/main/AndroidManifest.xml:5:5-50:19
54        android:allowBackup="true"
54-->src/main/AndroidManifest.xml:6:9-35
55        android:appComponentFactory="androidx.core.app.CoreComponentFactory"
55-->[androidx.core:core:1.15.0] AndroidManifest.xml:28:18-86
56        android:debuggable="true"
57        android:extractNativeLibs="false"
58        android:icon="@mipmap/ic_launcher"
58-->src/main/AndroidManifest.xml:7:9-43
59        android:label="@string/app_name"
59-->src/main/AndroidManifest.xml:8:9-41
60        android:roundIcon="@mipmap/ic_launcher_round"
60-->src/main/AndroidManifest.xml:9:9-54
61        android:supportsRtl="true"
61-->src/main/AndroidManifest.xml:10:9-35
62        android:testOnly="true"
63        android:theme="@style/AppTheme"
63-->src/main/AndroidManifest.xml:11:9-40
64        android:usesCleartextTraffic="true" >
64-->[:capacitor-cordova-android-plugins] AndroidManifest.xml:13:18-53
65        <activity
65-->src/main/AndroidManifest.xml:13:9-34:20
66            android:name="com.laundrypro.app.MainActivity"
66-->src/main/AndroidManifest.xml:15:13-41
67            android:configChanges="orientation|keyboardHidden|keyboard|screenSize|locale|smallestScreenSize|screenLayout|uiMode|navigation"
67-->src/main/AndroidManifest.xml:14:13-140
68            android:exported="true"
68-->src/main/AndroidManifest.xml:19:13-36
69            android:label="@string/title_activity_main"
69-->src/main/AndroidManifest.xml:16:13-56
70            android:launchMode="singleTask"
70-->src/main/AndroidManifest.xml:18:13-44
71            android:theme="@style/AppTheme.NoActionBarLaunch" >
71-->src/main/AndroidManifest.xml:17:13-62
72            <intent-filter>
72-->src/main/AndroidManifest.xml:21:13-24:29
73                <action android:name="android.intent.action.MAIN" />
73-->src/main/AndroidManifest.xml:22:17-69
73-->src/main/AndroidManifest.xml:22:25-66
74
75                <category android:name="android.intent.category.LAUNCHER" />
75-->src/main/AndroidManifest.xml:23:17-77
75-->src/main/AndroidManifest.xml:23:27-74
76            </intent-filter>
77
78            <!-- Deep link untuk Google Auth -->
79            <intent-filter>
79-->src/main/AndroidManifest.xml:27:13-32:29
80                <action android:name="android.intent.action.VIEW" />
80-->src/main/AndroidManifest.xml:28:17-69
80-->src/main/AndroidManifest.xml:28:25-66
81
82                <category android:name="android.intent.category.DEFAULT" />
82-->src/main/AndroidManifest.xml:29:17-76
82-->src/main/AndroidManifest.xml:29:27-73
83                <category android:name="android.intent.category.BROWSABLE" />
83-->src/main/AndroidManifest.xml:30:17-78
83-->src/main/AndroidManifest.xml:30:27-75
84
85                <data android:scheme="@string/custom_url_scheme" />
85-->src/main/AndroidManifest.xml:31:17-68
85-->src/main/AndroidManifest.xml:31:23-65
86            </intent-filter>
87        </activity>
88
89        <provider
90            android:name="androidx.core.content.FileProvider"
90-->src/main/AndroidManifest.xml:37:13-62
91            android:authorities="com.laundrypro.app.fileprovider"
91-->src/main/AndroidManifest.xml:38:13-64
92            android:exported="false"
92-->src/main/AndroidManifest.xml:39:13-37
93            android:grantUriPermissions="true" >
93-->src/main/AndroidManifest.xml:40:13-47
94            <meta-data
94-->src/main/AndroidManifest.xml:41:13-43:64
95                android:name="android.support.FILE_PROVIDER_PATHS"
95-->src/main/AndroidManifest.xml:42:17-67
96                android:resource="@xml/file_paths" />
96-->src/main/AndroidManifest.xml:43:17-51
97        </provider>
98
99        <!-- Konfigurasi Google Auth -->
100        <meta-data
100-->src/main/AndroidManifest.xml:47:9-49:69
101            android:name="com.google.android.gms.version"
101-->src/main/AndroidManifest.xml:48:13-58
102            android:value="@integer/google_play_services_version" />
102-->src/main/AndroidManifest.xml:49:13-66
103
104        <activity
104-->[:capacitor-browser] AndroidManifest.xml:14:9-18:75
105            android:name="com.capacitorjs.plugins.browser.BrowserControllerActivity"
105-->[:capacitor-browser] AndroidManifest.xml:15:13-85
106            android:exported="false"
106-->[:capacitor-browser] AndroidManifest.xml:16:13-37
107            android:launchMode="singleTask"
107-->[:capacitor-browser] AndroidManifest.xml:17:13-44
108            android:theme="@android:style/Theme.Translucent.NoTitleBar" />
108-->[:capacitor-browser] AndroidManifest.xml:18:13-72
109
110        <receiver android:name="com.capacitorjs.plugins.localnotifications.TimedNotificationPublisher" />
110-->[:capacitor-local-notifications] AndroidManifest.xml:12:9-106
110-->[:capacitor-local-notifications] AndroidManifest.xml:12:19-103
111        <receiver android:name="com.capacitorjs.plugins.localnotifications.NotificationDismissReceiver" />
111-->[:capacitor-local-notifications] AndroidManifest.xml:13:9-107
111-->[:capacitor-local-notifications] AndroidManifest.xml:13:19-104
112        <receiver
112-->[:capacitor-local-notifications] AndroidManifest.xml:14:9-23:20
113            android:name="com.capacitorjs.plugins.localnotifications.LocalNotificationRestoreReceiver"
113-->[:capacitor-local-notifications] AndroidManifest.xml:15:13-103
114            android:directBootAware="true"
114-->[:capacitor-local-notifications] AndroidManifest.xml:16:13-43
115            android:exported="false" >
115-->[:capacitor-local-notifications] AndroidManifest.xml:17:13-37
116            <intent-filter>
116-->[:capacitor-local-notifications] AndroidManifest.xml:18:13-22:29
117                <action android:name="android.intent.action.LOCKED_BOOT_COMPLETED" />
117-->[:capacitor-local-notifications] AndroidManifest.xml:19:17-86
117-->[:capacitor-local-notifications] AndroidManifest.xml:19:25-83
118                <action android:name="android.intent.action.BOOT_COMPLETED" />
118-->[:capacitor-local-notifications] AndroidManifest.xml:20:17-79
118-->[:capacitor-local-notifications] AndroidManifest.xml:20:25-76
119                <action android:name="android.intent.action.QUICKBOOT_POWERON" />
119-->[:capacitor-local-notifications] AndroidManifest.xml:21:17-82
119-->[:capacitor-local-notifications] AndroidManifest.xml:21:25-79
120            </intent-filter>
121        </receiver>
122
123        <service
123-->[:capacitor-push-notifications] AndroidManifest.xml:8:9-14:19
124            android:name="com.capacitorjs.plugins.pushnotifications.MessagingService"
124-->[:capacitor-push-notifications] AndroidManifest.xml:9:13-86
125            android:exported="false" >
125-->[:capacitor-push-notifications] AndroidManifest.xml:10:13-37
126            <intent-filter>
126-->[:capacitor-push-notifications] AndroidManifest.xml:11:13-13:29
127                <action android:name="com.google.firebase.MESSAGING_EVENT" />
127-->[:capacitor-push-notifications] AndroidManifest.xml:12:17-78
127-->[:capacitor-push-notifications] AndroidManifest.xml:12:25-75
128            </intent-filter>
129        </service>
130
131        <receiver
131-->[:capacitor-cordova-android-plugins] AndroidManifest.xml:14:9-21:20
132            android:name="nl.xservices.plugins.ShareChooserPendingIntent"
132-->[:capacitor-cordova-android-plugins] AndroidManifest.xml:15:13-74
133            android:enabled="true"
133-->[:capacitor-cordova-android-plugins] AndroidManifest.xml:16:13-35
134            android:exported="true" >
134-->[:capacitor-cordova-android-plugins] AndroidManifest.xml:17:13-36
135            <intent-filter>
135-->[:capacitor-cordova-android-plugins] AndroidManifest.xml:18:13-20:29
136                <action android:name="android.intent.action.SEND" />
136-->[:capacitor-cordova-android-plugins] AndroidManifest.xml:19:17-69
136-->[:capacitor-cordova-android-plugins] AndroidManifest.xml:19:25-66
137            </intent-filter>
138        </receiver>
139
140        <provider
140-->[:capacitor-cordova-android-plugins] AndroidManifest.xml:23:9-31:20
141            android:name="nl.xservices.plugins.FileProvider"
141-->[:capacitor-cordova-android-plugins] AndroidManifest.xml:24:13-61
142            android:authorities="com.laundrypro.app.sharing.provider"
142-->[:capacitor-cordova-android-plugins] AndroidManifest.xml:25:13-68
143            android:exported="false"
143-->[:capacitor-cordova-android-plugins] AndroidManifest.xml:26:13-37
144            android:grantUriPermissions="true" >
144-->[:capacitor-cordova-android-plugins] AndroidManifest.xml:27:13-47
145            <meta-data
145-->src/main/AndroidManifest.xml:41:13-43:64
146                android:name="android.support.FILE_PROVIDER_PATHS"
146-->src/main/AndroidManifest.xml:42:17-67
147                android:resource="@xml/sharing_paths" />
147-->src/main/AndroidManifest.xml:43:17-51
148        </provider>
149
150        <receiver
150-->[com.google.firebase:firebase-messaging:24.1.0] AndroidManifest.xml:29:9-40:20
151            android:name="com.google.firebase.iid.FirebaseInstanceIdReceiver"
151-->[com.google.firebase:firebase-messaging:24.1.0] AndroidManifest.xml:30:13-78
152            android:exported="true"
152-->[com.google.firebase:firebase-messaging:24.1.0] AndroidManifest.xml:31:13-36
153            android:permission="com.google.android.c2dm.permission.SEND" >
153-->[com.google.firebase:firebase-messaging:24.1.0] AndroidManifest.xml:32:13-73
154            <intent-filter>
154-->[com.google.firebase:firebase-messaging:24.1.0] AndroidManifest.xml:33:13-35:29
155                <action android:name="com.google.android.c2dm.intent.RECEIVE" />
155-->[com.google.firebase:firebase-messaging:24.1.0] AndroidManifest.xml:34:17-81
155-->[com.google.firebase:firebase-messaging:24.1.0] AndroidManifest.xml:34:25-78
156            </intent-filter>
157
158            <meta-data
158-->[com.google.firebase:firebase-messaging:24.1.0] AndroidManifest.xml:37:13-39:40
159                android:name="com.google.android.gms.cloudmessaging.FINISHED_AFTER_HANDLED"
159-->[com.google.firebase:firebase-messaging:24.1.0] AndroidManifest.xml:38:17-92
160                android:value="true" />
160-->[com.google.firebase:firebase-messaging:24.1.0] AndroidManifest.xml:39:17-37
161        </receiver>
162        <!--
163             FirebaseMessagingService performs security checks at runtime,
164             but set to not exported to explicitly avoid allowing another app to call it.
165        -->
166        <service
166-->[com.google.firebase:firebase-messaging:24.1.0] AndroidManifest.xml:46:9-53:19
167            android:name="com.google.firebase.messaging.FirebaseMessagingService"
167-->[com.google.firebase:firebase-messaging:24.1.0] AndroidManifest.xml:47:13-82
168            android:directBootAware="true"
168-->[com.google.firebase:firebase-messaging:24.1.0] AndroidManifest.xml:48:13-43
169            android:exported="false" >
169-->[com.google.firebase:firebase-messaging:24.1.0] AndroidManifest.xml:49:13-37
170            <intent-filter android:priority="-500" >
170-->[:capacitor-push-notifications] AndroidManifest.xml:11:13-13:29
171                <action android:name="com.google.firebase.MESSAGING_EVENT" />
171-->[:capacitor-push-notifications] AndroidManifest.xml:12:17-78
171-->[:capacitor-push-notifications] AndroidManifest.xml:12:25-75
172            </intent-filter>
173        </service>
174        <service
174-->[com.google.firebase:firebase-messaging:24.1.0] AndroidManifest.xml:54:9-63:19
175            android:name="com.google.firebase.components.ComponentDiscoveryService"
175-->[com.google.firebase:firebase-messaging:24.1.0] AndroidManifest.xml:55:13-84
176            android:directBootAware="true"
176-->[com.google.firebase:firebase-common:21.0.0] AndroidManifest.xml:32:13-43
177            android:exported="false" >
177-->[com.google.firebase:firebase-messaging:24.1.0] AndroidManifest.xml:56:13-37
178            <meta-data
178-->[com.google.firebase:firebase-messaging:24.1.0] AndroidManifest.xml:57:13-59:85
179                android:name="com.google.firebase.components:com.google.firebase.messaging.FirebaseMessagingKtxRegistrar"
179-->[com.google.firebase:firebase-messaging:24.1.0] AndroidManifest.xml:58:17-122
180                android:value="com.google.firebase.components.ComponentRegistrar" />
180-->[com.google.firebase:firebase-messaging:24.1.0] AndroidManifest.xml:59:17-82
181            <meta-data
181-->[com.google.firebase:firebase-messaging:24.1.0] AndroidManifest.xml:60:13-62:85
182                android:name="com.google.firebase.components:com.google.firebase.messaging.FirebaseMessagingRegistrar"
182-->[com.google.firebase:firebase-messaging:24.1.0] AndroidManifest.xml:61:17-119
183                android:value="com.google.firebase.components.ComponentRegistrar" />
183-->[com.google.firebase:firebase-messaging:24.1.0] AndroidManifest.xml:62:17-82
184            <meta-data
184-->[com.google.firebase:firebase-datatransport:18.2.0] AndroidManifest.xml:25:13-27:85
185                android:name="com.google.firebase.components:com.google.firebase.datatransport.TransportRegistrar"
185-->[com.google.firebase:firebase-datatransport:18.2.0] AndroidManifest.xml:26:17-115
186                android:value="com.google.firebase.components.ComponentRegistrar" />
186-->[com.google.firebase:firebase-datatransport:18.2.0] AndroidManifest.xml:27:17-82
187            <meta-data
187-->[com.google.firebase:firebase-installations:17.2.0] AndroidManifest.xml:15:13-17:85
188                android:name="com.google.firebase.components:com.google.firebase.installations.FirebaseInstallationsKtxRegistrar"
188-->[com.google.firebase:firebase-installations:17.2.0] AndroidManifest.xml:16:17-130
189                android:value="com.google.firebase.components.ComponentRegistrar" />
189-->[com.google.firebase:firebase-installations:17.2.0] AndroidManifest.xml:17:17-82
190            <meta-data
190-->[com.google.firebase:firebase-installations:17.2.0] AndroidManifest.xml:18:13-20:85
191                android:name="com.google.firebase.components:com.google.firebase.installations.FirebaseInstallationsRegistrar"
191-->[com.google.firebase:firebase-installations:17.2.0] AndroidManifest.xml:19:17-127
192                android:value="com.google.firebase.components.ComponentRegistrar" />
192-->[com.google.firebase:firebase-installations:17.2.0] AndroidManifest.xml:20:17-82
193            <meta-data
193-->[com.google.firebase:firebase-common-ktx:21.0.0] AndroidManifest.xml:12:13-14:85
194                android:name="com.google.firebase.components:com.google.firebase.ktx.FirebaseCommonLegacyRegistrar"
194-->[com.google.firebase:firebase-common-ktx:21.0.0] AndroidManifest.xml:13:17-116
195                android:value="com.google.firebase.components.ComponentRegistrar" />
195-->[com.google.firebase:firebase-common-ktx:21.0.0] AndroidManifest.xml:14:17-82
196            <meta-data
196-->[com.google.firebase:firebase-common:21.0.0] AndroidManifest.xml:35:13-37:85
197                android:name="com.google.firebase.components:com.google.firebase.FirebaseCommonKtxRegistrar"
197-->[com.google.firebase:firebase-common:21.0.0] AndroidManifest.xml:36:17-109
198                android:value="com.google.firebase.components.ComponentRegistrar" />
198-->[com.google.firebase:firebase-common:21.0.0] AndroidManifest.xml:37:17-82
199        </service>
200        <service
200-->[com.google.android.datatransport:transport-backend-cct:3.1.9] AndroidManifest.xml:28:9-34:19
201            android:name="com.google.android.datatransport.runtime.backends.TransportBackendDiscovery"
201-->[com.google.android.datatransport:transport-backend-cct:3.1.9] AndroidManifest.xml:29:13-103
202            android:exported="false" >
202-->[com.google.android.datatransport:transport-backend-cct:3.1.9] AndroidManifest.xml:30:13-37
203            <meta-data
203-->[com.google.android.datatransport:transport-backend-cct:3.1.9] AndroidManifest.xml:31:13-33:39
204                android:name="backend:com.google.android.datatransport.cct.CctBackendFactory"
204-->[com.google.android.datatransport:transport-backend-cct:3.1.9] AndroidManifest.xml:32:17-94
205                android:value="cct" />
205-->[com.google.android.datatransport:transport-backend-cct:3.1.9] AndroidManifest.xml:33:17-36
206        </service>
207        <service
207-->[com.google.android.datatransport:transport-runtime:3.1.9] AndroidManifest.xml:26:9-30:19
208            android:name="com.google.android.datatransport.runtime.scheduling.jobscheduling.JobInfoSchedulerService"
208-->[com.google.android.datatransport:transport-runtime:3.1.9] AndroidManifest.xml:27:13-117
209            android:exported="false"
209-->[com.google.android.datatransport:transport-runtime:3.1.9] AndroidManifest.xml:28:13-37
210            android:permission="android.permission.BIND_JOB_SERVICE" >
210-->[com.google.android.datatransport:transport-runtime:3.1.9] AndroidManifest.xml:29:13-69
211        </service>
212
213        <receiver
213-->[com.google.android.datatransport:transport-runtime:3.1.9] AndroidManifest.xml:32:9-34:40
214            android:name="com.google.android.datatransport.runtime.scheduling.jobscheduling.AlarmManagerSchedulerBroadcastReceiver"
214-->[com.google.android.datatransport:transport-runtime:3.1.9] AndroidManifest.xml:33:13-132
215            android:exported="false" />
215-->[com.google.android.datatransport:transport-runtime:3.1.9] AndroidManifest.xml:34:13-37
216
217        <provider
217-->[com.google.firebase:firebase-common:21.0.0] AndroidManifest.xml:23:9-28:39
218            android:name="com.google.firebase.provider.FirebaseInitProvider"
218-->[com.google.firebase:firebase-common:21.0.0] AndroidManifest.xml:24:13-77
219            android:authorities="com.laundrypro.app.firebaseinitprovider"
219-->[com.google.firebase:firebase-common:21.0.0] AndroidManifest.xml:25:13-72
220            android:directBootAware="true"
220-->[com.google.firebase:firebase-common:21.0.0] AndroidManifest.xml:26:13-43
221            android:exported="false"
221-->[com.google.firebase:firebase-common:21.0.0] AndroidManifest.xml:27:13-37
222            android:initOrder="100" />
222-->[com.google.firebase:firebase-common:21.0.0] AndroidManifest.xml:28:13-36
223
224        <activity
224-->[com.google.android.gms:play-services-base:18.0.1] AndroidManifest.xml:20:9-22:45
225            android:name="com.google.android.gms.common.api.GoogleApiActivity"
225-->[com.google.android.gms:play-services-base:18.0.1] AndroidManifest.xml:20:19-85
226            android:exported="false"
226-->[com.google.android.gms:play-services-base:18.0.1] AndroidManifest.xml:22:19-43
227            android:theme="@android:style/Theme.Translucent.NoTitleBar" />
227-->[com.google.android.gms:play-services-base:18.0.1] AndroidManifest.xml:21:19-78
228
229        <provider
229-->[androidx.emoji2:emoji2:1.3.0] AndroidManifest.xml:24:9-32:20
230            android:name="androidx.startup.InitializationProvider"
230-->[androidx.emoji2:emoji2:1.3.0] AndroidManifest.xml:25:13-67
231            android:authorities="com.laundrypro.app.androidx-startup"
231-->[androidx.emoji2:emoji2:1.3.0] AndroidManifest.xml:26:13-68
232            android:exported="false" >
232-->[androidx.emoji2:emoji2:1.3.0] AndroidManifest.xml:27:13-37
233            <meta-data
233-->[androidx.emoji2:emoji2:1.3.0] AndroidManifest.xml:29:13-31:52
234                android:name="androidx.emoji2.text.EmojiCompatInitializer"
234-->[androidx.emoji2:emoji2:1.3.0] AndroidManifest.xml:30:17-75
235                android:value="androidx.startup" />
235-->[androidx.emoji2:emoji2:1.3.0] AndroidManifest.xml:31:17-49
236            <meta-data
236-->[androidx.lifecycle:lifecycle-process:2.6.2] AndroidManifest.xml:29:13-31:52
237                android:name="androidx.lifecycle.ProcessLifecycleInitializer"
237-->[androidx.lifecycle:lifecycle-process:2.6.2] AndroidManifest.xml:30:17-78
238                android:value="androidx.startup" />
238-->[androidx.lifecycle:lifecycle-process:2.6.2] AndroidManifest.xml:31:17-49
239            <meta-data
239-->[androidx.profileinstaller:profileinstaller:1.3.1] AndroidManifest.xml:29:13-31:52
240                android:name="androidx.profileinstaller.ProfileInstallerInitializer"
240-->[androidx.profileinstaller:profileinstaller:1.3.1] AndroidManifest.xml:30:17-85
241                android:value="androidx.startup" />
241-->[androidx.profileinstaller:profileinstaller:1.3.1] AndroidManifest.xml:31:17-49
242        </provider>
243
244        <receiver
244-->[androidx.profileinstaller:profileinstaller:1.3.1] AndroidManifest.xml:34:9-52:20
245            android:name="androidx.profileinstaller.ProfileInstallReceiver"
245-->[androidx.profileinstaller:profileinstaller:1.3.1] AndroidManifest.xml:35:13-76
246            android:directBootAware="false"
246-->[androidx.profileinstaller:profileinstaller:1.3.1] AndroidManifest.xml:36:13-44
247            android:enabled="true"
247-->[androidx.profileinstaller:profileinstaller:1.3.1] AndroidManifest.xml:37:13-35
248            android:exported="true"
248-->[androidx.profileinstaller:profileinstaller:1.3.1] AndroidManifest.xml:38:13-36
249            android:permission="android.permission.DUMP" >
249-->[androidx.profileinstaller:profileinstaller:1.3.1] AndroidManifest.xml:39:13-57
250            <intent-filter>
250-->[androidx.profileinstaller:profileinstaller:1.3.1] AndroidManifest.xml:40:13-42:29
251                <action android:name="androidx.profileinstaller.action.INSTALL_PROFILE" />
251-->[androidx.profileinstaller:profileinstaller:1.3.1] AndroidManifest.xml:41:17-91
251-->[androidx.profileinstaller:profileinstaller:1.3.1] AndroidManifest.xml:41:25-88
252            </intent-filter>
253            <intent-filter>
253-->[androidx.profileinstaller:profileinstaller:1.3.1] AndroidManifest.xml:43:13-45:29
254                <action android:name="androidx.profileinstaller.action.SKIP_FILE" />
254-->[androidx.profileinstaller:profileinstaller:1.3.1] AndroidManifest.xml:44:17-85
254-->[androidx.profileinstaller:profileinstaller:1.3.1] AndroidManifest.xml:44:25-82
255            </intent-filter>
256            <intent-filter>
256-->[androidx.profileinstaller:profileinstaller:1.3.1] AndroidManifest.xml:46:13-48:29
257                <action android:name="androidx.profileinstaller.action.SAVE_PROFILE" />
257-->[androidx.profileinstaller:profileinstaller:1.3.1] AndroidManifest.xml:47:17-88
257-->[androidx.profileinstaller:profileinstaller:1.3.1] AndroidManifest.xml:47:25-85
258            </intent-filter>
259            <intent-filter>
259-->[androidx.profileinstaller:profileinstaller:1.3.1] AndroidManifest.xml:49:13-51:29
260                <action android:name="androidx.profileinstaller.action.BENCHMARK_OPERATION" />
260-->[androidx.profileinstaller:profileinstaller:1.3.1] AndroidManifest.xml:50:17-95
260-->[androidx.profileinstaller:profileinstaller:1.3.1] AndroidManifest.xml:50:25-92
261            </intent-filter>
262        </receiver>
263    </application>
264
265</manifest>